<?xml version="1.0" encoding="UTF-8"?>
<Site BuildName="(empty)"
	BuildStamp="20241112-0057-Experimental"
	Name="mohamed"
	Generator="ctest-3.16.3"
	CompilerName="/usr/bin/c++"
	CompilerVersion="9.4.0"
	OSName="Linux"
	Hostname="mohamed"
	OSRelease="5.15.0-124-generic"
	OSVersion="#134~20.04.1-Ubuntu SMP Tue Oct 1 15:27:33 UTC 2024"
	OSPlatform="x86_64"
	Is64Bits="1"
	VendorString="GenuineIntel"
	VendorID="Intel Corporation"
	FamilyID="6"
	ModelID="165"
	ProcessorCacheSize="8192"
	NumberOfLogicalCPU="8"
	NumberOfPhysicalCPU="4"
	TotalVirtualMemory="0"
	TotalPhysicalMemory="15855"
	LogicalProcessorsPerPhysical="2"
	ProcessorClockFrequency="2781.75"
	>
	<Testing>
		<StartDateTime>Nov 13 01:57 EET</StartDateTime>
		<StartTestTime>1731455866</StartTestTime>
		<TestList/>
		<EndDateTime>Nov 13 01:57 EET</EndDateTime>
		<EndTestTime>1731455866</EndTestTime>
		<ElapsedMinutes>0</ElapsedMinutes>
	</Testing>
</Site>
